c:\users\fay\desktop\106_碩_陳昱彰\2_論文程式碼\sensorfusioniii\sensorfusioniii\sensorfusioniii\x64\release\vc120.pdb
c:\users\fay\desktop\106_碩_陳昱彰\2_論文程式碼\sensorfusioniii\sensorfusioniii\sensorfusioniii\x64\release\videoreader.obj
c:\users\fay\desktop\106_碩_陳昱彰\2_論文程式碼\sensorfusioniii\sensorfusioniii\sensorfusioniii\x64\release\recordmode.obj
c:\users\fay\desktop\106_碩_陳昱彰\2_論文程式碼\sensorfusioniii\sensorfusioniii\sensorfusioniii\x64\release\objmanager.obj
c:\users\fay\desktop\106_碩_陳昱彰\2_論文程式碼\sensorfusioniii\sensorfusioniii\sensorfusioniii\x64\release\mode.obj
c:\users\fay\desktop\106_碩_陳昱彰\2_論文程式碼\sensorfusioniii\sensorfusioniii\sensorfusioniii\x64\release\kcftracker.obj
c:\users\fay\desktop\106_碩_陳昱彰\2_論文程式碼\sensorfusioniii\sensorfusioniii\sensorfusioniii\x64\release\fusionmanager.obj
c:\users\fay\desktop\106_碩_陳昱彰\2_論文程式碼\sensorfusioniii\sensorfusioniii\sensorfusioniii\x64\release\fhog.obj
c:\users\fay\desktop\106_碩_陳昱彰\2_論文程式碼\sensorfusioniii\sensorfusioniii\sensorfusioniii\x64\release\datareader.obj
c:\users\fay\desktop\106_碩_陳昱彰\2_論文程式碼\sensorfusioniii\sensorfusioniii\sensorfusioniii\x64\release\connection_information.obj
c:\users\fay\desktop\106_碩_陳昱彰\2_論文程式碼\sensorfusioniii\sensorfusioniii\sensorfusioniii\x64\release\classifier.obj
c:\users\fay\documents\motordetected\sensorfusioniii\x64\release\vc120.pdb
c:\users\fay\documents\motordetected\sensorfusioniii\x64\release\videoreader.obj
c:\users\fay\documents\motordetected\sensorfusioniii\x64\release\svmclassifier.obj
c:\users\fay\documents\motordetected\sensorfusioniii\x64\release\recordmode.obj
c:\users\fay\documents\motordetected\sensorfusioniii\x64\release\onlinemode.obj
c:\users\fay\documents\motordetected\sensorfusioniii\x64\release\objmanager.obj
c:\users\fay\documents\motordetected\sensorfusioniii\x64\release\mode.obj
c:\users\fay\documents\motordetected\sensorfusioniii\x64\release\kcftracker.obj
c:\users\fay\documents\motordetected\sensorfusioniii\x64\release\fusionmanager.obj
c:\users\fay\documents\motordetected\sensorfusioniii\x64\release\fhog.obj
c:\users\fay\documents\motordetected\sensorfusioniii\x64\release\datareader.obj
c:\users\fay\documents\motordetected\sensorfusioniii\x64\release\connection_information.obj
c:\users\fay\documents\motordetected\sensorfusioniii\x64\release\classifiertestingmode.obj
c:\users\fay\documents\motordetected\sensorfusioniii\x64\release\classifier.obj
c:\users\fay\documents\motordetected\sensorfusioniii\x64\release\main.obj
c:\users\fay\documents\motordetected\sensorfusioniii\x64\release\offlinemode.obj
c:\users\fay\documents\motordetected\sensorfusioniii\x64\release\primalsvm.obj
c:\users\fay\documents\motordetected\x64\release\sensorfusioniii.exe
c:\users\fay\documents\motordetected\x64\release\sensorfusioniii.pdb
c:\users\fay\documents\motordetected\sensorfusioniii\x64\release\sensorfusioniii.tlog\cl.command.1.tlog
c:\users\fay\documents\motordetected\sensorfusioniii\x64\release\sensorfusioniii.tlog\cl.read.1.tlog
c:\users\fay\documents\motordetected\sensorfusioniii\x64\release\sensorfusioniii.tlog\cl.write.1.tlog
c:\users\fay\documents\motordetected\sensorfusioniii\x64\release\sensorfusioniii.tlog\link.command.1.tlog
c:\users\fay\documents\motordetected\sensorfusioniii\x64\release\sensorfusioniii.tlog\link.read.1.tlog
c:\users\fay\documents\motordetected\sensorfusioniii\x64\release\sensorfusioniii.tlog\link.write.1.tlog
