  Classifier.cpp
C:\Users\fay\Desktop\106_碩_陳昱彰\2_論文程式碼\SensorFusionIII\SensorFusionIII\packages\OpenCV_3_x86_v100.3.0\build\native\include\opencv2/core/mat.hpp(1965): warning C4819: 檔案含有無法在目前字碼頁 (950) 中表示的字元。請以 Unicode 格式儲存檔案以防止資料遺失
C:\Users\fay\Desktop\106_碩_陳昱彰\2_論文程式碼\SensorFusionIII\SensorFusionIII\packages\OpenCV_3_x86_v100.3.0\build\native\include\opencv2/core/persistence.hpp : warning C4819: 檔案含有無法在目前字碼頁 (950) 中表示的字元。請以 Unicode 格式儲存檔案以防止資料遺失
C:\Users\fay\Desktop\106_碩_陳昱彰\2_論文程式碼\SensorFusionIII\SensorFusionIII\packages\OpenCV_3_x86_v100.3.0\build\native\include\opencv2/core/utility.hpp : warning C4819: 檔案含有無法在目前字碼頁 (950) 中表示的字元。請以 Unicode 格式儲存檔案以防止資料遺失
  ClassifierTestingMode.cpp
C:\Users\fay\Desktop\106_碩_陳昱彰\2_論文程式碼\SensorFusionIII\SensorFusionIII\packages\OpenCV_3_x86_v100.3.0\build\native\include\opencv2/core/mat.hpp(1965): warning C4819: 檔案含有無法在目前字碼頁 (950) 中表示的字元。請以 Unicode 格式儲存檔案以防止資料遺失
C:\Users\fay\Desktop\106_碩_陳昱彰\2_論文程式碼\SensorFusionIII\SensorFusionIII\packages\OpenCV_3_x86_v100.3.0\build\native\include\opencv2/core/persistence.hpp : warning C4819: 檔案含有無法在目前字碼頁 (950) 中表示的字元。請以 Unicode 格式儲存檔案以防止資料遺失
C:\Users\fay\Desktop\106_碩_陳昱彰\2_論文程式碼\SensorFusionIII\SensorFusionIII\packages\OpenCV_3_x86_v100.3.0\build\native\include\opencv2/core/utility.hpp : warning C4819: 檔案含有無法在目前字碼頁 (950) 中表示的字元。請以 Unicode 格式儲存檔案以防止資料遺失
c:\users\fay\desktop\106_碩_陳昱彰\2_論文程式碼\sensorfusioniii\sensorfusioniii\sensorfusioniii\PrimalSVM.h(11): error C2039: 'SVM' : 不是 'cv' 的成員
c:\users\fay\desktop\106_碩_陳昱彰\2_論文程式碼\sensorfusioniii\sensorfusioniii\sensorfusioniii\PrimalSVM.h(11): error C2504: 'SVM' : 基底類別未定義
c:\users\fay\desktop\106_碩_陳昱彰\2_論文程式碼\sensorfusioniii\sensorfusioniii\sensorfusioniii\PrimalSVM.h(15): error C3861: 'get_support_vector_count': 找不到識別項
c:\users\fay\desktop\106_碩_陳昱彰\2_論文程式碼\sensorfusioniii\sensorfusioniii\sensorfusioniii\PrimalSVM.h(16): error C4430: 遺漏類型規範 - 假設為 int。注意: C++ 不支援 default-int
c:\users\fay\desktop\106_碩_陳昱彰\2_論文程式碼\sensorfusioniii\sensorfusioniii\sensorfusioniii\PrimalSVM.h(16): error C2143: 語法錯誤 : 遺漏 ';' (在 '*' 之前)
c:\users\fay\desktop\106_碩_陳昱彰\2_論文程式碼\sensorfusioniii\sensorfusioniii\sensorfusioniii\PrimalSVM.h(16): error C2065: 'df' : 未宣告的識別項
c:\users\fay\desktop\106_碩_陳昱彰\2_論文程式碼\sensorfusioniii\sensorfusioniii\sensorfusioniii\PrimalSVM.h(16): error C2065: 'decision_func' : 未宣告的識別項
c:\users\fay\desktop\106_碩_陳昱彰\2_論文程式碼\sensorfusioniii\sensorfusioniii\sensorfusioniii\PrimalSVM.h(17): error C2065: 'df' : 未宣告的識別項
c:\users\fay\desktop\106_碩_陳昱彰\2_論文程式碼\sensorfusioniii\sensorfusioniii\sensorfusioniii\PrimalSVM.h(17): error C2228: '.alpha' 的左邊必須有類別/結構/等位
c:\users\fay\desktop\106_碩_陳昱彰\2_論文程式碼\sensorfusioniii\sensorfusioniii\sensorfusioniii\PrimalSVM.h(18): error C2065: 'df' : 未宣告的識別項
c:\users\fay\desktop\106_碩_陳昱彰\2_論文程式碼\sensorfusioniii\sensorfusioniii\sensorfusioniii\PrimalSVM.h(18): error C2228: '.rho' 的左邊必須有類別/結構/等位
c:\users\fay\desktop\106_碩_陳昱彰\2_論文程式碼\sensorfusioniii\sensorfusioniii\sensorfusioniii\PrimalSVM.h(19): error C3861: 'get_var_count': 找不到識別項
c:\users\fay\desktop\106_碩_陳昱彰\2_論文程式碼\sensorfusioniii\sensorfusioniii\sensorfusioniii\PrimalSVM.h(23): warning C4244: '正在初始化' : 將 'const double' 轉換為 'float'，由於類型不同，可能導致資料遺失
c:\users\fay\desktop\106_碩_陳昱彰\2_論文程式碼\sensorfusioniii\sensorfusioniii\sensorfusioniii\PrimalSVM.h(24): error C3861: 'get_support_vector': 找不到識別項
c:\users\fay\desktop\106_碩_陳昱彰\2_論文程式碼\sensorfusioniii\sensorfusioniii\sensorfusioniii\PrimalSVM.h(30): warning C4244: '引數' : 將 'double' 轉換為 'const float'，由於類型不同，可能導致資料遺失
  Connection_information.cpp
  DataReader.cpp
C:\Users\fay\Desktop\106_碩_陳昱彰\2_論文程式碼\SensorFusionIII\SensorFusionIII\packages\OpenCV_3_x86_v100.3.0\build\native\include\opencv2/core/mat.hpp(1965): warning C4819: 檔案含有無法在目前字碼頁 (950) 中表示的字元。請以 Unicode 格式儲存檔案以防止資料遺失
C:\Users\fay\Desktop\106_碩_陳昱彰\2_論文程式碼\SensorFusionIII\SensorFusionIII\packages\OpenCV_3_x86_v100.3.0\build\native\include\opencv2/core/persistence.hpp : warning C4819: 檔案含有無法在目前字碼頁 (950) 中表示的字元。請以 Unicode 格式儲存檔案以防止資料遺失
C:\Users\fay\Desktop\106_碩_陳昱彰\2_論文程式碼\SensorFusionIII\SensorFusionIII\packages\OpenCV_3_x86_v100.3.0\build\native\include\opencv2/core/utility.hpp : warning C4819: 檔案含有無法在目前字碼頁 (950) 中表示的字元。請以 Unicode 格式儲存檔案以防止資料遺失
DataReader.cpp(47): warning C4996: 'strdup': The POSIX name for this item is deprecated. Instead, use the ISO C++ conformant name: _strdup. See online help for details.
          C:\Program Files (x86)\Microsoft Visual Studio 12.0\VC\include\string.h(245) : 請參閱 'strdup' 的宣告
DataReader.cpp(48): warning C4996: 'strtok': This function or variable may be unsafe. Consider using strtok_s instead. To disable deprecation, use _CRT_SECURE_NO_WARNINGS. See online help for details.
          C:\Program Files (x86)\Microsoft Visual Studio 12.0\VC\include\string.h(204) : 請參閱 'strtok' 的宣告
DataReader.cpp(60): warning C4996: 'strtok': This function or variable may be unsafe. Consider using strtok_s instead. To disable deprecation, use _CRT_SECURE_NO_WARNINGS. See online help for details.
          C:\Program Files (x86)\Microsoft Visual Studio 12.0\VC\include\string.h(204) : 請參閱 'strtok' 的宣告
  fhog.cpp
C:\Users\fay\Desktop\106_碩_陳昱彰\2_論文程式碼\SensorFusionIII\SensorFusionIII\packages\OpenCV_3_x86_v100.3.0\build\native\include\opencv2/core/mat.hpp(1965): warning C4819: 檔案含有無法在目前字碼頁 (950) 中表示的字元。請以 Unicode 格式儲存檔案以防止資料遺失
C:\Users\fay\Desktop\106_碩_陳昱彰\2_論文程式碼\SensorFusionIII\SensorFusionIII\packages\OpenCV_3_x86_v100.3.0\build\native\include\opencv2/core/persistence.hpp : warning C4819: 檔案含有無法在目前字碼頁 (950) 中表示的字元。請以 Unicode 格式儲存檔案以防止資料遺失
C:\Users\fay\Desktop\106_碩_陳昱彰\2_論文程式碼\SensorFusionIII\SensorFusionIII\packages\OpenCV_3_x86_v100.3.0\build\native\include\opencv2/core/utility.hpp : warning C4819: 檔案含有無法在目前字碼頁 (950) 中表示的字元。請以 Unicode 格式儲存檔案以防止資料遺失
  FusionManager.cpp
C:\Users\fay\Desktop\106_碩_陳昱彰\2_論文程式碼\SensorFusionIII\SensorFusionIII\packages\OpenCV_3_x86_v100.3.0\build\native\include\opencv2/core/mat.hpp(1965): warning C4819: 檔案含有無法在目前字碼頁 (950) 中表示的字元。請以 Unicode 格式儲存檔案以防止資料遺失
C:\Users\fay\Desktop\106_碩_陳昱彰\2_論文程式碼\SensorFusionIII\SensorFusionIII\packages\OpenCV_3_x86_v100.3.0\build\native\include\opencv2/core/persistence.hpp : warning C4819: 檔案含有無法在目前字碼頁 (950) 中表示的字元。請以 Unicode 格式儲存檔案以防止資料遺失
C:\Users\fay\Desktop\106_碩_陳昱彰\2_論文程式碼\SensorFusionIII\SensorFusionIII\packages\OpenCV_3_x86_v100.3.0\build\native\include\opencv2/core/utility.hpp : warning C4819: 檔案含有無法在目前字碼頁 (950) 中表示的字元。請以 Unicode 格式儲存檔案以防止資料遺失
FusionManager.cpp(77): warning C4267: '正在初始化' : 將 'size_t' 轉換為 'int'，資料可能遺失
FusionManager.cpp(131): warning C4267: '正在初始化' : 將 'size_t' 轉換為 'int'，資料可能遺失
FusionManager.cpp(165): warning C4267: '正在初始化' : 將 'size_t' 轉換為 'int'，資料可能遺失
FusionManager.cpp(167): warning C4244: '正在初始化' : 將 'float' 轉換為 'int'，由於類型不同，可能導致資料遺失
FusionManager.cpp(168): warning C4244: '正在初始化' : 將 'float' 轉換為 'int'，由於類型不同，可能導致資料遺失
FusionManager.cpp(170): warning C4244: '引數' : 將 'float' 轉換為 'int'，由於類型不同，可能導致資料遺失
FusionManager.cpp(185): warning C4244: '正在初始化' : 將 'unsigned __int64' 轉換為 'float'，由於類型不同，可能導致資料遺失
FusionManager.cpp(187): warning C4244: '正在初始化' : 將 'float' 轉換為 'int'，由於類型不同，可能導致資料遺失
FusionManager.cpp(188): warning C4244: '正在初始化' : 將 'float' 轉換為 'int'，由於類型不同，可能導致資料遺失
FusionManager.cpp(190): warning C4244: '正在初始化' : 將 'float' 轉換為 'int'，由於類型不同，可能導致資料遺失
FusionManager.cpp(222): warning C4244: '正在初始化' : 將 'float' 轉換為 'int'，由於類型不同，可能導致資料遺失
FusionManager.cpp(223): warning C4244: '正在初始化' : 將 'float' 轉換為 'int'，由於類型不同，可能導致資料遺失
FusionManager.cpp(238): warning C4244: '=' : 將 'double' 轉換為 'int'，由於類型不同，可能導致資料遺失
FusionManager.cpp(239): warning C4244: '=' : 將 'double' 轉換為 'int'，由於類型不同，可能導致資料遺失
FusionManager.cpp(243): warning C4244: '=' : 將 'double' 轉換為 'int'，由於類型不同，可能導致資料遺失
FusionManager.cpp(244): warning C4244: '=' : 將 'double' 轉換為 'int'，由於類型不同，可能導致資料遺失
FusionManager.cpp(248): warning C4244: '=' : 將 'double' 轉換為 'int'，由於類型不同，可能導致資料遺失
FusionManager.cpp(249): warning C4244: '=' : 將 'double' 轉換為 'int'，由於類型不同，可能導致資料遺失
FusionManager.cpp(264): warning C4267: '正在初始化' : 將 'size_t' 轉換為 'int'，資料可能遺失
FusionManager.cpp(265): warning C4244: '正在初始化' : 將 'float' 轉換為 'int'，由於類型不同，可能導致資料遺失
FusionManager.cpp(266): warning C4244: '正在初始化' : 將 'float' 轉換為 'int'，由於類型不同，可能導致資料遺失
FusionManager.cpp(270): warning C4244: '正在初始化' : 將 'double' 轉換為 'int'，由於類型不同，可能導致資料遺失
FusionManager.cpp(274): warning C4244: '正在初始化' : 將 'float' 轉換為 'int'，由於類型不同，可能導致資料遺失
  kcftracker.cpp
C:\Users\fay\Desktop\106_碩_陳昱彰\2_論文程式碼\SensorFusionIII\SensorFusionIII\packages\OpenCV_3_x86_v100.3.0\build\native\include\opencv2/core/mat.hpp(1965): warning C4819: 檔案含有無法在目前字碼頁 (950) 中表示的字元。請以 Unicode 格式儲存檔案以防止資料遺失
C:\Users\fay\Desktop\106_碩_陳昱彰\2_論文程式碼\SensorFusionIII\SensorFusionIII\packages\OpenCV_3_x86_v100.3.0\build\native\include\opencv2/core/persistence.hpp : warning C4819: 檔案含有無法在目前字碼頁 (950) 中表示的字元。請以 Unicode 格式儲存檔案以防止資料遺失
C:\Users\fay\Desktop\106_碩_陳昱彰\2_論文程式碼\SensorFusionIII\SensorFusionIII\packages\OpenCV_3_x86_v100.3.0\build\native\include\opencv2/core/utility.hpp : warning C4819: 檔案含有無法在目前字碼頁 (950) 中表示的字元。請以 Unicode 格式儲存檔案以防止資料遺失
c:\users\fay\desktop\106_碩_陳昱彰\2_論文程式碼\sensorfusioniii\sensorfusioniii\sensorfusioniii\labdata.hpp(17): warning C4305: '正在初始化' : 從 'double' 轉換為 'float'，是由較大的類型轉換為較小的類型，可能導致資料遺失
kcftracker.cpp(96): warning C4305: '=' : 從 'double' 轉換為 'float'，是由較大的類型轉換為較小的類型，可能導致資料遺失
kcftracker.cpp(104): warning C4305: '=' : 從 'double' 轉換為 'float'，是由較大的類型轉換為較小的類型，可能導致資料遺失
kcftracker.cpp(105): warning C4305: '=' : 從 'double' 轉換為 'float'，是由較大的類型轉換為較小的類型，可能導致資料遺失
kcftracker.cpp(113): warning C4305: '=' : 從 'double' 轉換為 'float'，是由較大的類型轉換為較小的類型，可能導致資料遺失
kcftracker.cpp(114): warning C4305: '=' : 從 'double' 轉換為 'float'，是由較大的類型轉換為較小的類型，可能導致資料遺失
kcftracker.cpp(116): warning C4305: '=' : 從 'double' 轉換為 'float'，是由較大的類型轉換為較小的類型，可能導致資料遺失
kcftracker.cpp(127): warning C4305: '=' : 從 'double' 轉換為 'float'，是由較大的類型轉換為較小的類型，可能導致資料遺失
kcftracker.cpp(128): warning C4305: '=' : 從 'double' 轉換為 'float'，是由較大的類型轉換為較小的類型，可能導致資料遺失
kcftracker.cpp(142): warning C4305: '=' : 從 'double' 轉換為 'float'，是由較大的類型轉換為較小的類型，可能導致資料遺失
kcftracker.cpp(143): warning C4305: '=' : 從 'double' 轉換為 'float'，是由較大的類型轉換為較小的類型，可能導致資料遺失
kcftracker.cpp(190): warning C4244: '=' : 將 'int' 轉換為 'float'，由於類型不同，可能導致資料遺失
kcftracker.cpp(191): warning C4244: '=' : 將 'int' 轉換為 'float'，由於類型不同，可能導致資料遺失
kcftracker.cpp(228): warning C4244: '=' : 將 'int' 轉換為 'float'，由於類型不同，可能導致資料遺失
kcftracker.cpp(229): warning C4244: '=' : 將 'int' 轉換為 'float'，由於類型不同，可能導致資料遺失
kcftracker.cpp(340): warning C4244: '正在初始化' : 將 'double' 轉換為 'float'，由於類型不同，可能導致資料遺失
kcftracker.cpp(361): warning C4244: '正在初始化' : 將 'float' 轉換為 'int'，由於類型不同，可能導致資料遺失
kcftracker.cpp(362): warning C4244: '正在初始化' : 將 'float' 轉換為 'int'，由於類型不同，可能導致資料遺失
kcftracker.cpp(370): warning C4244: '=' : 將 'float' 轉換為 'int'，由於類型不同，可能導致資料遺失
kcftracker.cpp(371): warning C4244: '=' : 將 'float' 轉換為 'int'，由於類型不同，可能導致資料遺失
kcftracker.cpp(401): warning C4244: '=' : 將 'float' 轉換為 'int'，由於類型不同，可能導致資料遺失
kcftracker.cpp(402): warning C4244: '=' : 將 'float' 轉換為 'int'，由於類型不同，可能導致資料遺失
kcftracker.cpp(405): warning C4244: '=' : 將 'float' 轉換為 'int'，由於類型不同，可能導致資料遺失
kcftracker.cpp(406): warning C4244: '=' : 將 'float' 轉換為 'int'，由於類型不同，可能導致資料遺失
kcftracker.cpp(465): warning C4244: '+=' : 將 'double' 轉換為 'float'，由於類型不同，可能導致資料遺失
kcftracker.cpp(499): warning C4244: '=' : 將 'double' 轉換為 'float'，由於類型不同，可能導致資料遺失
kcftracker.cpp(501): warning C4244: '=' : 將 'double' 轉換為 'float'，由於類型不同，可能導致資料遺失
kcftracker.cpp(529): warning C4244: 'return' : 將 'double' 轉換為 'float'，由於類型不同，可能導致資料遺失
  main.cpp
C:\Users\fay\Desktop\106_碩_陳昱彰\2_論文程式碼\SensorFusionIII\SensorFusionIII\packages\OpenCV_3_x86_v100.3.0\build\native\include\opencv2/core/mat.hpp(1965): warning C4819: 檔案含有無法在目前字碼頁 (950) 中表示的字元。請以 Unicode 格式儲存檔案以防止資料遺失
C:\Users\fay\Desktop\106_碩_陳昱彰\2_論文程式碼\SensorFusionIII\SensorFusionIII\packages\OpenCV_3_x86_v100.3.0\build\native\include\opencv2/core/persistence.hpp : warning C4819: 檔案含有無法在目前字碼頁 (950) 中表示的字元。請以 Unicode 格式儲存檔案以防止資料遺失
C:\Users\fay\Desktop\106_碩_陳昱彰\2_論文程式碼\SensorFusionIII\SensorFusionIII\packages\OpenCV_3_x86_v100.3.0\build\native\include\opencv2/core/utility.hpp : warning C4819: 檔案含有無法在目前字碼頁 (950) 中表示的字元。請以 Unicode 格式儲存檔案以防止資料遺失
C:\Program Files (x86)\Windows Kits\8.1\Include\um\winnt.h(9084): error C2872: 'ACCESS_MASK' : 模稜兩可的符號
          可能是 'C:\Program Files (x86)\Windows Kits\8.1\Include\um\winnt.h(9083) : DWORD ACCESS_MASK'
          或       'C:\Users\fay\Desktop\106_碩_陳昱彰\2_論文程式碼\SensorFusionIII\SensorFusionIII\packages\OpenCV_3_x86_v100.3.0\build\native\include\opencv2/core/mat.hpp(63) : ACCESS_MASK'
C:\Program Files (x86)\Windows Kits\8.1\Include\um\winnt.h(9142): error C2872: 'ACCESS_MASK' : 模稜兩可的符號
          可能是 'C:\Program Files (x86)\Windows Kits\8.1\Include\um\winnt.h(9083) : DWORD ACCESS_MASK'
          或       'C:\Users\fay\Desktop\106_碩_陳昱彰\2_論文程式碼\SensorFusionIII\SensorFusionIII\packages\OpenCV_3_x86_v100.3.0\build\native\include\opencv2/core/mat.hpp(63) : ACCESS_MASK'
C:\Program Files (x86)\Windows Kits\8.1\Include\um\winnt.h(9143): error C2872: 'ACCESS_MASK' : 模稜兩可的符號
          可能是 'C:\Program Files (x86)\Windows Kits\8.1\Include\um\winnt.h(9083) : DWORD ACCESS_MASK'
          或       'C:\Users\fay\Desktop\106_碩_陳昱彰\2_論文程式碼\SensorFusionIII\SensorFusionIII\packages\OpenCV_3_x86_v100.3.0\build\native\include\opencv2/core/mat.hpp(63) : ACCESS_MASK'
C:\Program Files (x86)\Windows Kits\8.1\Include\um\winnt.h(9144): error C2872: 'ACCESS_MASK' : 模稜兩可的符號
          可能是 'C:\Program Files (x86)\Windows Kits\8.1\Include\um\winnt.h(9083) : DWORD ACCESS_MASK'
          或       'C:\Users\fay\Desktop\106_碩_陳昱彰\2_論文程式碼\SensorFusionIII\SensorFusionIII\packages\OpenCV_3_x86_v100.3.0\build\native\include\opencv2/core/mat.hpp(63) : ACCESS_MASK'
C:\Program Files (x86)\Windows Kits\8.1\Include\um\winnt.h(9145): error C2872: 'ACCESS_MASK' : 模稜兩可的符號
          可能是 'C:\Program Files (x86)\Windows Kits\8.1\Include\um\winnt.h(9083) : DWORD ACCESS_MASK'
          或       'C:\Users\fay\Desktop\106_碩_陳昱彰\2_論文程式碼\SensorFusionIII\SensorFusionIII\packages\OpenCV_3_x86_v100.3.0\build\native\include\opencv2/core/mat.hpp(63) : ACCESS_MASK'
C:\Program Files (x86)\Windows Kits\8.1\Include\um\winnt.h(9983): error C2872: 'ACCESS_MASK' : 模稜兩可的符號
          可能是 'C:\Program Files (x86)\Windows Kits\8.1\Include\um\winnt.h(9083) : DWORD ACCESS_MASK'
          或       'C:\Users\fay\Desktop\106_碩_陳昱彰\2_論文程式碼\SensorFusionIII\SensorFusionIII\packages\OpenCV_3_x86_v100.3.0\build\native\include\opencv2/core/mat.hpp(63) : ACCESS_MASK'
C:\Program Files (x86)\Windows Kits\8.1\Include\um\winnt.h(9991): error C2872: 'ACCESS_MASK' : 模稜兩可的符號
          可能是 'C:\Program Files (x86)\Windows Kits\8.1\Include\um\winnt.h(9083) : DWORD ACCESS_MASK'
          或       'C:\Users\fay\Desktop\106_碩_陳昱彰\2_論文程式碼\SensorFusionIII\SensorFusionIII\packages\OpenCV_3_x86_v100.3.0\build\native\include\opencv2/core/mat.hpp(63) : ACCESS_MASK'
C:\Program Files (x86)\Windows Kits\8.1\Include\um\winnt.h(9998): error C2872: 'ACCESS_MASK' : 模稜兩可的符號
          可能是 'C:\Program Files (x86)\Windows Kits\8.1\Include\um\winnt.h(9083) : DWORD ACCESS_MASK'
          或       'C:\Users\fay\Desktop\106_碩_陳昱彰\2_論文程式碼\SensorFusionIII\SensorFusionIII\packages\OpenCV_3_x86_v100.3.0\build\native\include\opencv2/core/mat.hpp(63) : ACCESS_MASK'
C:\Program Files (x86)\Windows Kits\8.1\Include\um\winnt.h(10005): error C2872: 'ACCESS_MASK' : 模稜兩可的符號
          可能是 'C:\Program Files (x86)\Windows Kits\8.1\Include\um\winnt.h(9083) : DWORD ACCESS_MASK'
          或       'C:\Users\fay\Desktop\106_碩_陳昱彰\2_論文程式碼\SensorFusionIII\SensorFusionIII\packages\OpenCV_3_x86_v100.3.0\build\native\include\opencv2/core/mat.hpp(63) : ACCESS_MASK'
C:\Program Files (x86)\Windows Kits\8.1\Include\um\winnt.h(10012): error C2872: 'ACCESS_MASK' : 模稜兩可的符號
          可能是 'C:\Program Files (x86)\Windows Kits\8.1\Include\um\winnt.h(9083) : DWORD ACCESS_MASK'
          或       'C:\Users\fay\Desktop\106_碩_陳昱彰\2_論文程式碼\SensorFusionIII\SensorFusionIII\packages\OpenCV_3_x86_v100.3.0\build\native\include\opencv2/core/mat.hpp(63) : ACCESS_MASK'
C:\Program Files (x86)\Windows Kits\8.1\Include\um\winnt.h(10019): error C2872: 'ACCESS_MASK' : 模稜兩可的符號
          可能是 'C:\Program Files (x86)\Windows Kits\8.1\Include\um\winnt.h(9083) : DWORD ACCESS_MASK'
          或       'C:\Users\fay\Desktop\106_碩_陳昱彰\2_論文程式碼\SensorFusionIII\SensorFusionIII\packages\OpenCV_3_x86_v100.3.0\build\native\include\opencv2/core/mat.hpp(63) : ACCESS_MASK'
C:\Program Files (x86)\Windows Kits\8.1\Include\um\winnt.h(10025): error C2872: 'ACCESS_MASK' : 模稜兩可的符號
          可能是 'C:\Program Files (x86)\Windows Kits\8.1\Include\um\winnt.h(9083) : DWORD ACCESS_MASK'
          或       'C:\Users\fay\Desktop\106_碩_陳昱彰\2_論文程式碼\SensorFusionIII\SensorFusionIII\packages\OpenCV_3_x86_v100.3.0\build\native\include\opencv2/core/mat.hpp(63) : ACCESS_MASK'
C:\Program Files (x86)\Windows Kits\8.1\Include\um\winnt.h(10031): error C2872: 'ACCESS_MASK' : 模稜兩可的符號
          可能是 'C:\Program Files (x86)\Windows Kits\8.1\Include\um\winnt.h(9083) : DWORD ACCESS_MASK'
          或       'C:\Users\fay\Desktop\106_碩_陳昱彰\2_論文程式碼\SensorFusionIII\SensorFusionIII\packages\OpenCV_3_x86_v100.3.0\build\native\include\opencv2/core/mat.hpp(63) : ACCESS_MASK'
C:\Program Files (x86)\Windows Kits\8.1\Include\um\winnt.h(10051): error C2872: 'ACCESS_MASK' : 模稜兩可的符號
          可能是 'C:\Program Files (x86)\Windows Kits\8.1\Include\um\winnt.h(9083) : DWORD ACCESS_MASK'
          或       'C:\Users\fay\Desktop\106_碩_陳昱彰\2_論文程式碼\SensorFusionIII\SensorFusionIII\packages\OpenCV_3_x86_v100.3.0\build\native\include\opencv2/core/mat.hpp(63) : ACCESS_MASK'
C:\Program Files (x86)\Windows Kits\8.1\Include\um\winnt.h(10060): error C2872: 'ACCESS_MASK' : 模稜兩可的符號
          可能是 'C:\Program Files (x86)\Windows Kits\8.1\Include\um\winnt.h(9083) : DWORD ACCESS_MASK'
          或       'C:\Users\fay\Desktop\106_碩_陳昱彰\2_論文程式碼\SensorFusionIII\SensorFusionIII\packages\OpenCV_3_x86_v100.3.0\build\native\include\opencv2/core/mat.hpp(63) : ACCESS_MASK'
C:\Program Files (x86)\Windows Kits\8.1\Include\um\winnt.h(10069): error C2872: 'ACCESS_MASK' : 模稜兩可的符號
          可能是 'C:\Program Files (x86)\Windows Kits\8.1\Include\um\winnt.h(9083) : DWORD ACCESS_MASK'
          或       'C:\Users\fay\Desktop\106_碩_陳昱彰\2_論文程式碼\SensorFusionIII\SensorFusionIII\packages\OpenCV_3_x86_v100.3.0\build\native\include\opencv2/core/mat.hpp(63) : ACCESS_MASK'
C:\Program Files (x86)\Windows Kits\8.1\Include\um\winnt.h(10078): error C2872: 'ACCESS_MASK' : 模稜兩可的符號
          可能是 'C:\Program Files (x86)\Windows Kits\8.1\Include\um\winnt.h(9083) : DWORD ACCESS_MASK'
          或       'C:\Users\fay\Desktop\106_碩_陳昱彰\2_論文程式碼\SensorFusionIII\SensorFusionIII\packages\OpenCV_3_x86_v100.3.0\build\native\include\opencv2/core/mat.hpp(63) : ACCESS_MASK'
C:\Program Files (x86)\Windows Kits\8.1\Include\um\winnt.h(10092): error C2872: 'ACCESS_MASK' : 模稜兩可的符號
          可能是 'C:\Program Files (x86)\Windows Kits\8.1\Include\um\winnt.h(9083) : DWORD ACCESS_MASK'
          或       'C:\Users\fay\Desktop\106_碩_陳昱彰\2_論文程式碼\SensorFusionIII\SensorFusionIII\packages\OpenCV_3_x86_v100.3.0\build\native\include\opencv2/core/mat.hpp(63) : ACCESS_MASK'
C:\Program Files (x86)\Windows Kits\8.1\Include\um\winnt.h(10099): error C2872: 'ACCESS_MASK' : 模稜兩可的符號
          可能是 'C:\Program Files (x86)\Windows Kits\8.1\Include\um\winnt.h(9083) : DWORD ACCESS_MASK'
          或       'C:\Users\fay\Desktop\106_碩_陳昱彰\2_論文程式碼\SensorFusionIII\SensorFusionIII\packages\OpenCV_3_x86_v100.3.0\build\native\include\opencv2/core/mat.hpp(63) : ACCESS_MASK'
C:\Program Files (x86)\Windows Kits\8.1\Include\um\winnt.h(10106): error C2872: 'ACCESS_MASK' : 模稜兩可的符號
          可能是 'C:\Program Files (x86)\Windows Kits\8.1\Include\um\winnt.h(9083) : DWORD ACCESS_MASK'
          或       'C:\Users\fay\Desktop\106_碩_陳昱彰\2_論文程式碼\SensorFusionIII\SensorFusionIII\packages\OpenCV_3_x86_v100.3.0\build\native\include\opencv2/core/mat.hpp(63) : ACCESS_MASK'
C:\Program Files (x86)\Windows Kits\8.1\Include\um\winnt.h(10113): error C2872: 'ACCESS_MASK' : 模稜兩可的符號
          可能是 'C:\Program Files (x86)\Windows Kits\8.1\Include\um\winnt.h(9083) : DWORD ACCESS_MASK'
          或       'C:\Users\fay\Desktop\106_碩_陳昱彰\2_論文程式碼\SensorFusionIII\SensorFusionIII\packages\OpenCV_3_x86_v100.3.0\build\native\include\opencv2/core/mat.hpp(63) : ACCESS_MASK'
C:\Program Files (x86)\Windows Kits\8.1\Include\um\winnt.h(10120): error C2872: 'ACCESS_MASK' : 模稜兩可的符號
          可能是 'C:\Program Files (x86)\Windows Kits\8.1\Include\um\winnt.h(9083) : DWORD ACCESS_MASK'
          或       'C:\Users\fay\Desktop\106_碩_陳昱彰\2_論文程式碼\SensorFusionIII\SensorFusionIII\packages\OpenCV_3_x86_v100.3.0\build\native\include\opencv2/core/mat.hpp(63) : ACCESS_MASK'
C:\Program Files (x86)\Windows Kits\8.1\Include\um\winnt.h(10130): error C2872: 'ACCESS_MASK' : 模稜兩可的符號
          可能是 'C:\Program Files (x86)\Windows Kits\8.1\Include\um\winnt.h(9083) : DWORD ACCESS_MASK'
          或       'C:\Users\fay\Desktop\106_碩_陳昱彰\2_論文程式碼\SensorFusionIII\SensorFusionIII\packages\OpenCV_3_x86_v100.3.0\build\native\include\opencv2/core/mat.hpp(63) : ACCESS_MASK'
C:\Program Files (x86)\Windows Kits\8.1\Include\um\winnt.h(10140): error C2872: 'ACCESS_MASK' : 模稜兩可的符號
          可能是 'C:\Program Files (x86)\Windows Kits\8.1\Include\um\winnt.h(9083) : DWORD ACCESS_MASK'
          或       'C:\Users\fay\Desktop\106_碩_陳昱彰\2_論文程式碼\SensorFusionIII\SensorFusionIII\packages\OpenCV_3_x86_v100.3.0\build\native\include\opencv2/core/mat.hpp(63) : ACCESS_MASK'
C:\Program Files (x86)\Windows Kits\8.1\Include\um\winnt.h(10150): error C2872: 'ACCESS_MASK' : 模稜兩可的符號
          可能是 'C:\Program Files (x86)\Windows Kits\8.1\Include\um\winnt.h(9083) : DWORD ACCESS_MASK'
          或       'C:\Users\fay\Desktop\106_碩_陳昱彰\2_論文程式碼\SensorFusionIII\SensorFusionIII\packages\OpenCV_3_x86_v100.3.0\build\native\include\opencv2/core/mat.hpp(63) : ACCESS_MASK'
C:\Program Files (x86)\Windows Kits\8.1\Include\um\winnt.h(10576): error C2872: 'ACCESS_MASK' : 模稜兩可的符號
          可能是 'C:\Program Files (x86)\Windows Kits\8.1\Include\um\winnt.h(9083) : DWORD ACCESS_MASK'
          或       'C:\Users\fay\Desktop\106_碩_陳昱彰\2_論文程式碼\SensorFusionIII\SensorFusionIII\packages\OpenCV_3_x86_v100.3.0\build\native\include\opencv2/core/mat.hpp(63) : ACCESS_MASK'
C:\Program Files (x86)\Windows Kits\8.1\Include\um\winnt.h(10577): error C2872: 'ACCESS_MASK' : 模稜兩可的符號
          可能是 'C:\Program Files (x86)\Windows Kits\8.1\Include\um\winnt.h(9083) : DWORD ACCESS_MASK'
          或       'C:\Users\fay\Desktop\106_碩_陳昱彰\2_論文程式碼\SensorFusionIII\SensorFusionIII\packages\OpenCV_3_x86_v100.3.0\build\native\include\opencv2/core/mat.hpp(63) : ACCESS_MASK'
C:\Program Files (x86)\Windows Kits\8.1\Include\um\winuser.h(1311): error C2872: 'ACCESS_MASK' : 模稜兩可的符號
          可能是 'C:\Program Files (x86)\Windows Kits\8.1\Include\um\winnt.h(9083) : DWORD ACCESS_MASK'
          或       'C:\Users\fay\Desktop\106_碩_陳昱彰\2_論文程式碼\SensorFusionIII\SensorFusionIII\packages\OpenCV_3_x86_v100.3.0\build\native\include\opencv2/core/mat.hpp(63) : ACCESS_MASK'
C:\Program Files (x86)\Windows Kits\8.1\Include\um\winuser.h(1321): error C2872: 'ACCESS_MASK' : 模稜兩可的符號
          可能是 'C:\Program Files (x86)\Windows Kits\8.1\Include\um\winnt.h(9083) : DWORD ACCESS_MASK'
          或       'C:\Users\fay\Desktop\106_碩_陳昱彰\2_論文程式碼\SensorFusionIII\SensorFusionIII\packages\OpenCV_3_x86_v100.3.0\build\native\include\opencv2/core/mat.hpp(63) : ACCESS_MASK'
C:\Program Files (x86)\Windows Kits\8.1\Include\um\winuser.h(1337): error C2872: 'ACCESS_MASK' : 模稜兩可的符號
          可能是 'C:\Program Files (x86)\Windows Kits\8.1\Include\um\winnt.h(9083) : DWORD ACCESS_MASK'
          或       'C:\Users\fay\Desktop\106_碩_陳昱彰\2_論文程式碼\SensorFusionIII\SensorFusionIII\packages\OpenCV_3_x86_v100.3.0\build\native\include\opencv2/core/mat.hpp(63) : ACCESS_MASK'
C:\Program Files (x86)\Windows Kits\8.1\Include\um\winuser.h(1349): error C2872: 'ACCESS_MASK' : 模稜兩可的符號
          可能是 'C:\Program Files (x86)\Windows Kits\8.1\Include\um\winnt.h(9083) : DWORD ACCESS_MASK'
          或       'C:\Users\fay\Desktop\106_碩_陳昱彰\2_論文程式碼\SensorFusionIII\SensorFusionIII\packages\OpenCV_3_x86_v100.3.0\build\native\include\opencv2/core/mat.hpp(63) : ACCESS_MASK'
C:\Program Files (x86)\Windows Kits\8.1\Include\um\winuser.h(1375): error C2872: 'ACCESS_MASK' : 模稜兩可的符號
          可能是 'C:\Program Files (x86)\Windows Kits\8.1\Include\um\winnt.h(9083) : DWORD ACCESS_MASK'
          或       'C:\Users\fay\Desktop\106_碩_陳昱彰\2_論文程式碼\SensorFusionIII\SensorFusionIII\packages\OpenCV_3_x86_v100.3.0\build\native\include\opencv2/core/mat.hpp(63) : ACCESS_MASK'
C:\Program Files (x86)\Windows Kits\8.1\Include\um\winuser.h(1383): error C2872: 'ACCESS_MASK' : 模稜兩可的符號
          可能是 'C:\Program Files (x86)\Windows Kits\8.1\Include\um\winnt.h(9083) : DWORD ACCESS_MASK'
          或       'C:\Users\fay\Desktop\106_碩_陳昱彰\2_論文程式碼\SensorFusionIII\SensorFusionIII\packages\OpenCV_3_x86_v100.3.0\build\native\include\opencv2/core/mat.hpp(63) : ACCESS_MASK'
C:\Program Files (x86)\Windows Kits\8.1\Include\um\winuser.h(1396): error C2872: 'ACCESS_MASK' : 模稜兩可的符號
          可能是 'C:\Program Files (x86)\Windows Kits\8.1\Include\um\winnt.h(9083) : DWORD ACCESS_MASK'
          或       'C:\Users\fay\Desktop\106_碩_陳昱彰\2_論文程式碼\SensorFusionIII\SensorFusionIII\packages\OpenCV_3_x86_v100.3.0\build\native\include\opencv2/core/mat.hpp(63) : ACCESS_MASK'
C:\Program Files (x86)\Windows Kits\8.1\Include\um\winuser.h(1495): error C2872: 'ACCESS_MASK' : 模稜兩可的符號
          可能是 'C:\Program Files (x86)\Windows Kits\8.1\Include\um\winnt.h(9083) : DWORD ACCESS_MASK'
          或       'C:\Users\fay\Desktop\106_碩_陳昱彰\2_論文程式碼\SensorFusionIII\SensorFusionIII\packages\OpenCV_3_x86_v100.3.0\build\native\include\opencv2/core/mat.hpp(63) : ACCESS_MASK'
C:\Program Files (x86)\Windows Kits\8.1\Include\um\winuser.h(1503): error C2872: 'ACCESS_MASK' : 模稜兩可的符號
          可能是 'C:\Program Files (x86)\Windows Kits\8.1\Include\um\winnt.h(9083) : DWORD ACCESS_MASK'
          或       'C:\Users\fay\Desktop\106_碩_陳昱彰\2_論文程式碼\SensorFusionIII\SensorFusionIII\packages\OpenCV_3_x86_v100.3.0\build\native\include\opencv2/core/mat.hpp(63) : ACCESS_MASK'
C:\Program Files (x86)\Windows Kits\8.1\Include\um\winuser.h(1517): error C2872: 'ACCESS_MASK' : 模稜兩可的符號
          可能是 'C:\Program Files (x86)\Windows Kits\8.1\Include\um\winnt.h(9083) : DWORD ACCESS_MASK'
          或       'C:\Users\fay\Desktop\106_碩_陳昱彰\2_論文程式碼\SensorFusionIII\SensorFusionIII\packages\OpenCV_3_x86_v100.3.0\build\native\include\opencv2/core/mat.hpp(63) : ACCESS_MASK'
C:\Program Files (x86)\Windows Kits\8.1\Include\um\winuser.h(1524): error C2872: 'ACCESS_MASK' : 模稜兩可的符號
          可能是 'C:\Program Files (x86)\Windows Kits\8.1\Include\um\winnt.h(9083) : DWORD ACCESS_MASK'
          或       'C:\Users\fay\Desktop\106_碩_陳昱彰\2_論文程式碼\SensorFusionIII\SensorFusionIII\packages\OpenCV_3_x86_v100.3.0\build\native\include\opencv2/core/mat.hpp(63) : ACCESS_MASK'
C:\Program Files (x86)\Windows Kits\8.1\Include\um\winreg.h(89): error C2872: 'ACCESS_MASK' : 模稜兩可的符號
          可能是 'C:\Program Files (x86)\Windows Kits\8.1\Include\um\winnt.h(9083) : DWORD ACCESS_MASK'
          或       'C:\Users\fay\Desktop\106_碩_陳昱彰\2_論文程式碼\SensorFusionIII\SensorFusionIII\packages\OpenCV_3_x86_v100.3.0\build\native\include\opencv2/core/mat.hpp(63) : ACCESS_MASK'
C:\Program Files (x86)\Windows Kits\8.1\Include\um\winioctl.h(5627): error C2872: 'ACCESS_MASK' : 模稜兩可的符號
          可能是 'C:\Program Files (x86)\Windows Kits\8.1\Include\um\winnt.h(9083) : DWORD ACCESS_MASK'
          或       'C:\Users\fay\Desktop\106_碩_陳昱彰\2_論文程式碼\SensorFusionIII\SensorFusionIII\packages\OpenCV_3_x86_v100.3.0\build\native\include\opencv2/core/mat.hpp(63) : ACCESS_MASK'
C:\Program Files (x86)\Windows Kits\8.1\Include\um\winioctl.h(7462): error C2872: 'ACCESS_MASK' : 模稜兩可的符號
          可能是 'C:\Program Files (x86)\Windows Kits\8.1\Include\um\winnt.h(9083) : DWORD ACCESS_MASK'
          或       'C:\Users\fay\Desktop\106_碩_陳昱彰\2_論文程式碼\SensorFusionIII\SensorFusionIII\packages\OpenCV_3_x86_v100.3.0\build\native\include\opencv2/core/mat.hpp(63) : ACCESS_MASK'
C:\Program Files (x86)\Windows Kits\8.1\Include\um\winspool.h(1178): error C2872: 'ACCESS_MASK' : 模稜兩可的符號
          可能是 'C:\Program Files (x86)\Windows Kits\8.1\Include\um\winnt.h(9083) : DWORD ACCESS_MASK'
          或       'C:\Users\fay\Desktop\106_碩_陳昱彰\2_論文程式碼\SensorFusionIII\SensorFusionIII\packages\OpenCV_3_x86_v100.3.0\build\native\include\opencv2/core/mat.hpp(63) : ACCESS_MASK'
C:\Program Files (x86)\Windows Kits\8.1\Include\um\winspool.h(1183): error C2872: 'ACCESS_MASK' : 模稜兩可的符號
          可能是 'C:\Program Files (x86)\Windows Kits\8.1\Include\um\winnt.h(9083) : DWORD ACCESS_MASK'
          或       'C:\Users\fay\Desktop\106_碩_陳昱彰\2_論文程式碼\SensorFusionIII\SensorFusionIII\packages\OpenCV_3_x86_v100.3.0\build\native\include\opencv2/core/mat.hpp(63) : ACCESS_MASK'
  Mode.cpp
C:\Users\fay\Desktop\106_碩_陳昱彰\2_論文程式碼\SensorFusionIII\SensorFusionIII\packages\OpenCV_3_x86_v100.3.0\build\native\include\opencv2/core/mat.hpp(1965): warning C4819: 檔案含有無法在目前字碼頁 (950) 中表示的字元。請以 Unicode 格式儲存檔案以防止資料遺失
C:\Users\fay\Desktop\106_碩_陳昱彰\2_論文程式碼\SensorFusionIII\SensorFusionIII\packages\OpenCV_3_x86_v100.3.0\build\native\include\opencv2/core/persistence.hpp : warning C4819: 檔案含有無法在目前字碼頁 (950) 中表示的字元。請以 Unicode 格式儲存檔案以防止資料遺失
C:\Users\fay\Desktop\106_碩_陳昱彰\2_論文程式碼\SensorFusionIII\SensorFusionIII\packages\OpenCV_3_x86_v100.3.0\build\native\include\opencv2/core/utility.hpp : warning C4819: 檔案含有無法在目前字碼頁 (950) 中表示的字元。請以 Unicode 格式儲存檔案以防止資料遺失
  ObjManager.cpp
C:\Users\fay\Desktop\106_碩_陳昱彰\2_論文程式碼\SensorFusionIII\SensorFusionIII\packages\OpenCV_3_x86_v100.3.0\build\native\include\opencv2/core/mat.hpp(1965): warning C4819: 檔案含有無法在目前字碼頁 (950) 中表示的字元。請以 Unicode 格式儲存檔案以防止資料遺失
C:\Users\fay\Desktop\106_碩_陳昱彰\2_論文程式碼\SensorFusionIII\SensorFusionIII\packages\OpenCV_3_x86_v100.3.0\build\native\include\opencv2/core/persistence.hpp : warning C4819: 檔案含有無法在目前字碼頁 (950) 中表示的字元。請以 Unicode 格式儲存檔案以防止資料遺失
C:\Users\fay\Desktop\106_碩_陳昱彰\2_論文程式碼\SensorFusionIII\SensorFusionIII\packages\OpenCV_3_x86_v100.3.0\build\native\include\opencv2/core/utility.hpp : warning C4819: 檔案含有無法在目前字碼頁 (950) 中表示的字元。請以 Unicode 格式儲存檔案以防止資料遺失
ObjManager.cpp(191): warning C4800: 'unsigned __int64' : 強制將 bool 的值定為 'true' 或 'false' (效能警告)
  OfflineMode.cpp
C:\Users\fay\Desktop\106_碩_陳昱彰\2_論文程式碼\SensorFusionIII\SensorFusionIII\packages\OpenCV_3_x86_v100.3.0\build\native\include\opencv2/core/mat.hpp(1965): warning C4819: 檔案含有無法在目前字碼頁 (950) 中表示的字元。請以 Unicode 格式儲存檔案以防止資料遺失
C:\Users\fay\Desktop\106_碩_陳昱彰\2_論文程式碼\SensorFusionIII\SensorFusionIII\packages\OpenCV_3_x86_v100.3.0\build\native\include\opencv2/core/persistence.hpp : warning C4819: 檔案含有無法在目前字碼頁 (950) 中表示的字元。請以 Unicode 格式儲存檔案以防止資料遺失
C:\Users\fay\Desktop\106_碩_陳昱彰\2_論文程式碼\SensorFusionIII\SensorFusionIII\packages\OpenCV_3_x86_v100.3.0\build\native\include\opencv2/core/utility.hpp : warning C4819: 檔案含有無法在目前字碼頁 (950) 中表示的字元。請以 Unicode 格式儲存檔案以防止資料遺失
c:\users\fay\desktop\106_碩_陳昱彰\2_論文程式碼\sensorfusioniii\sensorfusioniii\sensorfusioniii\PrimalSVM.h(11): error C2039: 'SVM' : 不是 'cv' 的成員
c:\users\fay\desktop\106_碩_陳昱彰\2_論文程式碼\sensorfusioniii\sensorfusioniii\sensorfusioniii\PrimalSVM.h(11): error C2504: 'SVM' : 基底類別未定義
c:\users\fay\desktop\106_碩_陳昱彰\2_論文程式碼\sensorfusioniii\sensorfusioniii\sensorfusioniii\PrimalSVM.h(15): error C3861: 'get_support_vector_count': 找不到識別項
c:\users\fay\desktop\106_碩_陳昱彰\2_論文程式碼\sensorfusioniii\sensorfusioniii\sensorfusioniii\PrimalSVM.h(16): error C4430: 遺漏類型規範 - 假設為 int。注意: C++ 不支援 default-int
c:\users\fay\desktop\106_碩_陳昱彰\2_論文程式碼\sensorfusioniii\sensorfusioniii\sensorfusioniii\PrimalSVM.h(16): error C2143: 語法錯誤 : 遺漏 ';' (在 '*' 之前)
c:\users\fay\desktop\106_碩_陳昱彰\2_論文程式碼\sensorfusioniii\sensorfusioniii\sensorfusioniii\PrimalSVM.h(16): error C2065: 'df' : 未宣告的識別項
c:\users\fay\desktop\106_碩_陳昱彰\2_論文程式碼\sensorfusioniii\sensorfusioniii\sensorfusioniii\PrimalSVM.h(16): error C2065: 'decision_func' : 未宣告的識別項
c:\users\fay\desktop\106_碩_陳昱彰\2_論文程式碼\sensorfusioniii\sensorfusioniii\sensorfusioniii\PrimalSVM.h(17): error C2065: 'df' : 未宣告的識別項
c:\users\fay\desktop\106_碩_陳昱彰\2_論文程式碼\sensorfusioniii\sensorfusioniii\sensorfusioniii\PrimalSVM.h(17): error C2228: '.alpha' 的左邊必須有類別/結構/等位
c:\users\fay\desktop\106_碩_陳昱彰\2_論文程式碼\sensorfusioniii\sensorfusioniii\sensorfusioniii\PrimalSVM.h(18): error C2065: 'df' : 未宣告的識別項
c:\users\fay\desktop\106_碩_陳昱彰\2_論文程式碼\sensorfusioniii\sensorfusioniii\sensorfusioniii\PrimalSVM.h(18): error C2228: '.rho' 的左邊必須有類別/結構/等位
c:\users\fay\desktop\106_碩_陳昱彰\2_論文程式碼\sensorfusioniii\sensorfusioniii\sensorfusioniii\PrimalSVM.h(19): error C3861: 'get_var_count': 找不到識別項
c:\users\fay\desktop\106_碩_陳昱彰\2_論文程式碼\sensorfusioniii\sensorfusioniii\sensorfusioniii\PrimalSVM.h(23): warning C4244: '正在初始化' : 將 'const double' 轉換為 'float'，由於類型不同，可能導致資料遺失
c:\users\fay\desktop\106_碩_陳昱彰\2_論文程式碼\sensorfusioniii\sensorfusioniii\sensorfusioniii\PrimalSVM.h(24): error C3861: 'get_support_vector': 找不到識別項
c:\users\fay\desktop\106_碩_陳昱彰\2_論文程式碼\sensorfusioniii\sensorfusioniii\sensorfusioniii\PrimalSVM.h(30): warning C4244: '引數' : 將 'double' 轉換為 'const float'，由於類型不同，可能導致資料遺失
C:\Program Files (x86)\Windows Kits\8.1\Include\um\winnt.h(9084): error C2872: 'ACCESS_MASK' : 模稜兩可的符號
          可能是 'C:\Program Files (x86)\Windows Kits\8.1\Include\um\winnt.h(9083) : DWORD ACCESS_MASK'
          或       'C:\Users\fay\Desktop\106_碩_陳昱彰\2_論文程式碼\SensorFusionIII\SensorFusionIII\packages\OpenCV_3_x86_v100.3.0\build\native\include\opencv2/core/mat.hpp(63) : ACCESS_MASK'
C:\Program Files (x86)\Windows Kits\8.1\Include\um\winnt.h(9142): error C2872: 'ACCESS_MASK' : 模稜兩可的符號
          可能是 'C:\Program Files (x86)\Windows Kits\8.1\Include\um\winnt.h(9083) : DWORD ACCESS_MASK'
          或       'C:\Users\fay\Desktop\106_碩_陳昱彰\2_論文程式碼\SensorFusionIII\SensorFusionIII\packages\OpenCV_3_x86_v100.3.0\build\native\include\opencv2/core/mat.hpp(63) : ACCESS_MASK'
C:\Program Files (x86)\Windows Kits\8.1\Include\um\winnt.h(9143): error C2872: 'ACCESS_MASK' : 模稜兩可的符號
          可能是 'C:\Program Files (x86)\Windows Kits\8.1\Include\um\winnt.h(9083) : DWORD ACCESS_MASK'
          或       'C:\Users\fay\Desktop\106_碩_陳昱彰\2_論文程式碼\SensorFusionIII\SensorFusionIII\packages\OpenCV_3_x86_v100.3.0\build\native\include\opencv2/core/mat.hpp(63) : ACCESS_MASK'
C:\Program Files (x86)\Windows Kits\8.1\Include\um\winnt.h(9144): error C2872: 'ACCESS_MASK' : 模稜兩可的符號
          可能是 'C:\Program Files (x86)\Windows Kits\8.1\Include\um\winnt.h(9083) : DWORD ACCESS_MASK'
          或       'C:\Users\fay\Desktop\106_碩_陳昱彰\2_論文程式碼\SensorFusionIII\SensorFusionIII\packages\OpenCV_3_x86_v100.3.0\build\native\include\opencv2/core/mat.hpp(63) : ACCESS_MASK'
C:\Program Files (x86)\Windows Kits\8.1\Include\um\winnt.h(9145): error C2872: 'ACCESS_MASK' : 模稜兩可的符號
          可能是 'C:\Program Files (x86)\Windows Kits\8.1\Include\um\winnt.h(9083) : DWORD ACCESS_MASK'
          或       'C:\Users\fay\Desktop\106_碩_陳昱彰\2_論文程式碼\SensorFusionIII\SensorFusionIII\packages\OpenCV_3_x86_v100.3.0\build\native\include\opencv2/core/mat.hpp(63) : ACCESS_MASK'
C:\Program Files (x86)\Windows Kits\8.1\Include\um\winnt.h(9983): error C2872: 'ACCESS_MASK' : 模稜兩可的符號
          可能是 'C:\Program Files (x86)\Windows Kits\8.1\Include\um\winnt.h(9083) : DWORD ACCESS_MASK'
          或       'C:\Users\fay\Desktop\106_碩_陳昱彰\2_論文程式碼\SensorFusionIII\SensorFusionIII\packages\OpenCV_3_x86_v100.3.0\build\native\include\opencv2/core/mat.hpp(63) : ACCESS_MASK'
C:\Program Files (x86)\Windows Kits\8.1\Include\um\winnt.h(9991): error C2872: 'ACCESS_MASK' : 模稜兩可的符號
          可能是 'C:\Program Files (x86)\Windows Kits\8.1\Include\um\winnt.h(9083) : DWORD ACCESS_MASK'
          或       'C:\Users\fay\Desktop\106_碩_陳昱彰\2_論文程式碼\SensorFusionIII\SensorFusionIII\packages\OpenCV_3_x86_v100.3.0\build\native\include\opencv2/core/mat.hpp(63) : ACCESS_MASK'
C:\Program Files (x86)\Windows Kits\8.1\Include\um\winnt.h(9998): error C2872: 'ACCESS_MASK' : 模稜兩可的符號
          可能是 'C:\Program Files (x86)\Windows Kits\8.1\Include\um\winnt.h(9083) : DWORD ACCESS_MASK'
          或       'C:\Users\fay\Desktop\106_碩_陳昱彰\2_論文程式碼\SensorFusionIII\SensorFusionIII\packages\OpenCV_3_x86_v100.3.0\build\native\include\opencv2/core/mat.hpp(63) : ACCESS_MASK'
C:\Program Files (x86)\Windows Kits\8.1\Include\um\winnt.h(10005): error C2872: 'ACCESS_MASK' : 模稜兩可的符號
          可能是 'C:\Program Files (x86)\Windows Kits\8.1\Include\um\winnt.h(9083) : DWORD ACCESS_MASK'
          或       'C:\Users\fay\Desktop\106_碩_陳昱彰\2_論文程式碼\SensorFusionIII\SensorFusionIII\packages\OpenCV_3_x86_v100.3.0\build\native\include\opencv2/core/mat.hpp(63) : ACCESS_MASK'
C:\Program Files (x86)\Windows Kits\8.1\Include\um\winnt.h(10012): error C2872: 'ACCESS_MASK' : 模稜兩可的符號
          可能是 'C:\Program Files (x86)\Windows Kits\8.1\Include\um\winnt.h(9083) : DWORD ACCESS_MASK'
          或       'C:\Users\fay\Desktop\106_碩_陳昱彰\2_論文程式碼\SensorFusionIII\SensorFusionIII\packages\OpenCV_3_x86_v100.3.0\build\native\include\opencv2/core/mat.hpp(63) : ACCESS_MASK'
C:\Program Files (x86)\Windows Kits\8.1\Include\um\winnt.h(10019): error C2872: 'ACCESS_MASK' : 模稜兩可的符號
          可能是 'C:\Program Files (x86)\Windows Kits\8.1\Include\um\winnt.h(9083) : DWORD ACCESS_MASK'
          或       'C:\Users\fay\Desktop\106_碩_陳昱彰\2_論文程式碼\SensorFusionIII\SensorFusionIII\packages\OpenCV_3_x86_v100.3.0\build\native\include\opencv2/core/mat.hpp(63) : ACCESS_MASK'
C:\Program Files (x86)\Windows Kits\8.1\Include\um\winnt.h(10025): error C2872: 'ACCESS_MASK' : 模稜兩可的符號
          可能是 'C:\Program Files (x86)\Windows Kits\8.1\Include\um\winnt.h(9083) : DWORD ACCESS_MASK'
          或       'C:\Users\fay\Desktop\106_碩_陳昱彰\2_論文程式碼\SensorFusionIII\SensorFusionIII\packages\OpenCV_3_x86_v100.3.0\build\native\include\opencv2/core/mat.hpp(63) : ACCESS_MASK'
C:\Program Files (x86)\Windows Kits\8.1\Include\um\winnt.h(10031): error C2872: 'ACCESS_MASK' : 模稜兩可的符號
          可能是 'C:\Program Files (x86)\Windows Kits\8.1\Include\um\winnt.h(9083) : DWORD ACCESS_MASK'
          或       'C:\Users\fay\Desktop\106_碩_陳昱彰\2_論文程式碼\SensorFusionIII\SensorFusionIII\packages\OpenCV_3_x86_v100.3.0\build\native\include\opencv2/core/mat.hpp(63) : ACCESS_MASK'
C:\Program Files (x86)\Windows Kits\8.1\Include\um\winnt.h(10051): error C2872: 'ACCESS_MASK' : 模稜兩可的符號
          可能是 'C:\Program Files (x86)\Windows Kits\8.1\Include\um\winnt.h(9083) : DWORD ACCESS_MASK'
          或       'C:\Users\fay\Desktop\106_碩_陳昱彰\2_論文程式碼\SensorFusionIII\SensorFusionIII\packages\OpenCV_3_x86_v100.3.0\build\native\include\opencv2/core/mat.hpp(63) : ACCESS_MASK'
C:\Program Files (x86)\Windows Kits\8.1\Include\um\winnt.h(10060): error C2872: 'ACCESS_MASK' : 模稜兩可的符號
          可能是 'C:\Program Files (x86)\Windows Kits\8.1\Include\um\winnt.h(9083) : DWORD ACCESS_MASK'
          或       'C:\Users\fay\Desktop\106_碩_陳昱彰\2_論文程式碼\SensorFusionIII\SensorFusionIII\packages\OpenCV_3_x86_v100.3.0\build\native\include\opencv2/core/mat.hpp(63) : ACCESS_MASK'
C:\Program Files (x86)\Windows Kits\8.1\Include\um\winnt.h(10069): error C2872: 'ACCESS_MASK' : 模稜兩可的符號
          可能是 'C:\Program Files (x86)\Windows Kits\8.1\Include\um\winnt.h(9083) : DWORD ACCESS_MASK'
          或       'C:\Users\fay\Desktop\106_碩_陳昱彰\2_論文程式碼\SensorFusionIII\SensorFusionIII\packages\OpenCV_3_x86_v100.3.0\build\native\include\opencv2/core/mat.hpp(63) : ACCESS_MASK'
C:\Program Files (x86)\Windows Kits\8.1\Include\um\winnt.h(10078): error C2872: 'ACCESS_MASK' : 模稜兩可的符號
          可能是 'C:\Program Files (x86)\Windows Kits\8.1\Include\um\winnt.h(9083) : DWORD ACCESS_MASK'
          或       'C:\Users\fay\Desktop\106_碩_陳昱彰\2_論文程式碼\SensorFusionIII\SensorFusionIII\packages\OpenCV_3_x86_v100.3.0\build\native\include\opencv2/core/mat.hpp(63) : ACCESS_MASK'
C:\Program Files (x86)\Windows Kits\8.1\Include\um\winnt.h(10092): error C2872: 'ACCESS_MASK' : 模稜兩可的符號
          可能是 'C:\Program Files (x86)\Windows Kits\8.1\Include\um\winnt.h(9083) : DWORD ACCESS_MASK'
          或       'C:\Users\fay\Desktop\106_碩_陳昱彰\2_論文程式碼\SensorFusionIII\SensorFusionIII\packages\OpenCV_3_x86_v100.3.0\build\native\include\opencv2/core/mat.hpp(63) : ACCESS_MASK'
C:\Program Files (x86)\Windows Kits\8.1\Include\um\winnt.h(10099): error C2872: 'ACCESS_MASK' : 模稜兩可的符號
          可能是 'C:\Program Files (x86)\Windows Kits\8.1\Include\um\winnt.h(9083) : DWORD ACCESS_MASK'
          或       'C:\Users\fay\Desktop\106_碩_陳昱彰\2_論文程式碼\SensorFusionIII\SensorFusionIII\packages\OpenCV_3_x86_v100.3.0\build\native\include\opencv2/core/mat.hpp(63) : ACCESS_MASK'
C:\Program Files (x86)\Windows Kits\8.1\Include\um\winnt.h(10106): error C2872: 'ACCESS_MASK' : 模稜兩可的符號
          可能是 'C:\Program Files (x86)\Windows Kits\8.1\Include\um\winnt.h(9083) : DWORD ACCESS_MASK'
          或       'C:\Users\fay\Desktop\106_碩_陳昱彰\2_論文程式碼\SensorFusionIII\SensorFusionIII\packages\OpenCV_3_x86_v100.3.0\build\native\include\opencv2/core/mat.hpp(63) : ACCESS_MASK'
C:\Program Files (x86)\Windows Kits\8.1\Include\um\winnt.h(10113): error C2872: 'ACCESS_MASK' : 模稜兩可的符號
          可能是 'C:\Program Files (x86)\Windows Kits\8.1\Include\um\winnt.h(9083) : DWORD ACCESS_MASK'
          或       'C:\Users\fay\Desktop\106_碩_陳昱彰\2_論文程式碼\SensorFusionIII\SensorFusionIII\packages\OpenCV_3_x86_v100.3.0\build\native\include\opencv2/core/mat.hpp(63) : ACCESS_MASK'
C:\Program Files (x86)\Windows Kits\8.1\Include\um\winnt.h(10120): error C2872: 'ACCESS_MASK' : 模稜兩可的符號
          可能是 'C:\Program Files (x86)\Windows Kits\8.1\Include\um\winnt.h(9083) : DWORD ACCESS_MASK'
          或       'C:\Users\fay\Desktop\106_碩_陳昱彰\2_論文程式碼\SensorFusionIII\SensorFusionIII\packages\OpenCV_3_x86_v100.3.0\build\native\include\opencv2/core/mat.hpp(63) : ACCESS_MASK'
C:\Program Files (x86)\Windows Kits\8.1\Include\um\winnt.h(10130): error C2872: 'ACCESS_MASK' : 模稜兩可的符號
          可能是 'C:\Program Files (x86)\Windows Kits\8.1\Include\um\winnt.h(9083) : DWORD ACCESS_MASK'
          或       'C:\Users\fay\Desktop\106_碩_陳昱彰\2_論文程式碼\SensorFusionIII\SensorFusionIII\packages\OpenCV_3_x86_v100.3.0\build\native\include\opencv2/core/mat.hpp(63) : ACCESS_MASK'
C:\Program Files (x86)\Windows Kits\8.1\Include\um\winnt.h(10140): error C2872: 'ACCESS_MASK' : 模稜兩可的符號
          可能是 'C:\Program Files (x86)\Windows Kits\8.1\Include\um\winnt.h(9083) : DWORD ACCESS_MASK'
          或       'C:\Users\fay\Desktop\106_碩_陳昱彰\2_論文程式碼\SensorFusionIII\SensorFusionIII\packages\OpenCV_3_x86_v100.3.0\build\native\include\opencv2/core/mat.hpp(63) : ACCESS_MASK'
C:\Program Files (x86)\Windows Kits\8.1\Include\um\winnt.h(10150): error C2872: 'ACCESS_MASK' : 模稜兩可的符號
          可能是 'C:\Program Files (x86)\Windows Kits\8.1\Include\um\winnt.h(9083) : DWORD ACCESS_MASK'
          或       'C:\Users\fay\Desktop\106_碩_陳昱彰\2_論文程式碼\SensorFusionIII\SensorFusionIII\packages\OpenCV_3_x86_v100.3.0\build\native\include\opencv2/core/mat.hpp(63) : ACCESS_MASK'
C:\Program Files (x86)\Windows Kits\8.1\Include\um\winnt.h(10576): error C2872: 'ACCESS_MASK' : 模稜兩可的符號
          可能是 'C:\Program Files (x86)\Windows Kits\8.1\Include\um\winnt.h(9083) : DWORD ACCESS_MASK'
          或       'C:\Users\fay\Desktop\106_碩_陳昱彰\2_論文程式碼\SensorFusionIII\SensorFusionIII\packages\OpenCV_3_x86_v100.3.0\build\native\include\opencv2/core/mat.hpp(63) : ACCESS_MASK'
C:\Program Files (x86)\Windows Kits\8.1\Include\um\winnt.h(10577): error C2872: 'ACCESS_MASK' : 模稜兩可的符號
          可能是 'C:\Program Files (x86)\Windows Kits\8.1\Include\um\winnt.h(9083) : DWORD ACCESS_MASK'
          或       'C:\Users\fay\Desktop\106_碩_陳昱彰\2_論文程式碼\SensorFusionIII\SensorFusionIII\packages\OpenCV_3_x86_v100.3.0\build\native\include\opencv2/core/mat.hpp(63) : ACCESS_MASK'
C:\Program Files (x86)\Windows Kits\8.1\Include\um\winuser.h(1311): error C2872: 'ACCESS_MASK' : 模稜兩可的符號
          可能是 'C:\Program Files (x86)\Windows Kits\8.1\Include\um\winnt.h(9083) : DWORD ACCESS_MASK'
          或       'C:\Users\fay\Desktop\106_碩_陳昱彰\2_論文程式碼\SensorFusionIII\SensorFusionIII\packages\OpenCV_3_x86_v100.3.0\build\native\include\opencv2/core/mat.hpp(63) : ACCESS_MASK'
C:\Program Files (x86)\Windows Kits\8.1\Include\um\winuser.h(1321): error C2872: 'ACCESS_MASK' : 模稜兩可的符號
          可能是 'C:\Program Files (x86)\Windows Kits\8.1\Include\um\winnt.h(9083) : DWORD ACCESS_MASK'
          或       'C:\Users\fay\Desktop\106_碩_陳昱彰\2_論文程式碼\SensorFusionIII\SensorFusionIII\packages\OpenCV_3_x86_v100.3.0\build\native\include\opencv2/core/mat.hpp(63) : ACCESS_MASK'
C:\Program Files (x86)\Windows Kits\8.1\Include\um\winuser.h(1337): error C2872: 'ACCESS_MASK' : 模稜兩可的符號
          可能是 'C:\Program Files (x86)\Windows Kits\8.1\Include\um\winnt.h(9083) : DWORD ACCESS_MASK'
          或       'C:\Users\fay\Desktop\106_碩_陳昱彰\2_論文程式碼\SensorFusionIII\SensorFusionIII\packages\OpenCV_3_x86_v100.3.0\build\native\include\opencv2/core/mat.hpp(63) : ACCESS_MASK'
C:\Program Files (x86)\Windows Kits\8.1\Include\um\winuser.h(1349): error C2872: 'ACCESS_MASK' : 模稜兩可的符號
          可能是 'C:\Program Files (x86)\Windows Kits\8.1\Include\um\winnt.h(9083) : DWORD ACCESS_MASK'
          或       'C:\Users\fay\Desktop\106_碩_陳昱彰\2_論文程式碼\SensorFusionIII\SensorFusionIII\packages\OpenCV_3_x86_v100.3.0\build\native\include\opencv2/core/mat.hpp(63) : ACCESS_MASK'
C:\Program Files (x86)\Windows Kits\8.1\Include\um\winuser.h(1375): error C2872: 'ACCESS_MASK' : 模稜兩可的符號
          可能是 'C:\Program Files (x86)\Windows Kits\8.1\Include\um\winnt.h(9083) : DWORD ACCESS_MASK'
          或       'C:\Users\fay\Desktop\106_碩_陳昱彰\2_論文程式碼\SensorFusionIII\SensorFusionIII\packages\OpenCV_3_x86_v100.3.0\build\native\include\opencv2/core/mat.hpp(63) : ACCESS_MASK'
C:\Program Files (x86)\Windows Kits\8.1\Include\um\winuser.h(1383): error C2872: 'ACCESS_MASK' : 模稜兩可的符號
          可能是 'C:\Program Files (x86)\Windows Kits\8.1\Include\um\winnt.h(9083) : DWORD ACCESS_MASK'
          或       'C:\Users\fay\Desktop\106_碩_陳昱彰\2_論文程式碼\SensorFusionIII\SensorFusionIII\packages\OpenCV_3_x86_v100.3.0\build\native\include\opencv2/core/mat.hpp(63) : ACCESS_MASK'
C:\Program Files (x86)\Windows Kits\8.1\Include\um\winuser.h(1396): error C2872: 'ACCESS_MASK' : 模稜兩可的符號
          可能是 'C:\Program Files (x86)\Windows Kits\8.1\Include\um\winnt.h(9083) : DWORD ACCESS_MASK'
          或       'C:\Users\fay\Desktop\106_碩_陳昱彰\2_論文程式碼\SensorFusionIII\SensorFusionIII\packages\OpenCV_3_x86_v100.3.0\build\native\include\opencv2/core/mat.hpp(63) : ACCESS_MASK'
C:\Program Files (x86)\Windows Kits\8.1\Include\um\winuser.h(1495): error C2872: 'ACCESS_MASK' : 模稜兩可的符號
          可能是 'C:\Program Files (x86)\Windows Kits\8.1\Include\um\winnt.h(9083) : DWORD ACCESS_MASK'
          或       'C:\Users\fay\Desktop\106_碩_陳昱彰\2_論文程式碼\SensorFusionIII\SensorFusionIII\packages\OpenCV_3_x86_v100.3.0\build\native\include\opencv2/core/mat.hpp(63) : ACCESS_MASK'
C:\Program Files (x86)\Windows Kits\8.1\Include\um\winuser.h(1503): error C2872: 'ACCESS_MASK' : 模稜兩可的符號
          可能是 'C:\Program Files (x86)\Windows Kits\8.1\Include\um\winnt.h(9083) : DWORD ACCESS_MASK'
          或       'C:\Users\fay\Desktop\106_碩_陳昱彰\2_論文程式碼\SensorFusionIII\SensorFusionIII\packages\OpenCV_3_x86_v100.3.0\build\native\include\opencv2/core/mat.hpp(63) : ACCESS_MASK'
C:\Program Files (x86)\Windows Kits\8.1\Include\um\winuser.h(1517): error C2872: 'ACCESS_MASK' : 模稜兩可的符號
          可能是 'C:\Program Files (x86)\Windows Kits\8.1\Include\um\winnt.h(9083) : DWORD ACCESS_MASK'
          或       'C:\Users\fay\Desktop\106_碩_陳昱彰\2_論文程式碼\SensorFusionIII\SensorFusionIII\packages\OpenCV_3_x86_v100.3.0\build\native\include\opencv2/core/mat.hpp(63) : ACCESS_MASK'
C:\Program Files (x86)\Windows Kits\8.1\Include\um\winuser.h(1524): error C2872: 'ACCESS_MASK' : 模稜兩可的符號
          可能是 'C:\Program Files (x86)\Windows Kits\8.1\Include\um\winnt.h(9083) : DWORD ACCESS_MASK'
          或       'C:\Users\fay\Desktop\106_碩_陳昱彰\2_論文程式碼\SensorFusionIII\SensorFusionIII\packages\OpenCV_3_x86_v100.3.0\build\native\include\opencv2/core/mat.hpp(63) : ACCESS_MASK'
C:\Program Files (x86)\Windows Kits\8.1\Include\um\winreg.h(89): error C2872: 'ACCESS_MASK' : 模稜兩可的符號
          可能是 'C:\Program Files (x86)\Windows Kits\8.1\Include\um\winnt.h(9083) : DWORD ACCESS_MASK'
          或       'C:\Users\fay\Desktop\106_碩_陳昱彰\2_論文程式碼\SensorFusionIII\SensorFusionIII\packages\OpenCV_3_x86_v100.3.0\build\native\include\opencv2/core/mat.hpp(63) : ACCESS_MASK'
C:\Program Files (x86)\Windows Kits\8.1\Include\um\winioctl.h(5627): error C2872: 'ACCESS_MASK' : 模稜兩可的符號
          可能是 'C:\Program Files (x86)\Windows Kits\8.1\Include\um\winnt.h(9083) : DWORD ACCESS_MASK'
          或       'C:\Users\fay\Desktop\106_碩_陳昱彰\2_論文程式碼\SensorFusionIII\SensorFusionIII\packages\OpenCV_3_x86_v100.3.0\build\native\include\opencv2/core/mat.hpp(63) : ACCESS_MASK'
C:\Program Files (x86)\Windows Kits\8.1\Include\um\winioctl.h(7462): error C2872: 'ACCESS_MASK' : 模稜兩可的符號
          可能是 'C:\Program Files (x86)\Windows Kits\8.1\Include\um\winnt.h(9083) : DWORD ACCESS_MASK'
          或       'C:\Users\fay\Desktop\106_碩_陳昱彰\2_論文程式碼\SensorFusionIII\SensorFusionIII\packages\OpenCV_3_x86_v100.3.0\build\native\include\opencv2/core/mat.hpp(63) : ACCESS_MASK'
C:\Program Files (x86)\Windows Kits\8.1\Include\um\winspool.h(1178): error C2872: 'ACCESS_MASK' : 模稜兩可的符號
          可能是 'C:\Program Files (x86)\Windows Kits\8.1\Include\um\winnt.h(9083) : DWORD ACCESS_MASK'
          或       'C:\Users\fay\Desktop\106_碩_陳昱彰\2_論文程式碼\SensorFusionIII\SensorFusionIII\packages\OpenCV_3_x86_v100.3.0\build\native\include\opencv2/core/mat.hpp(63) : ACCESS_MASK'
C:\Program Files (x86)\Windows Kits\8.1\Include\um\winspool.h(1183): error C2872: 'ACCESS_MASK' : 模稜兩可的符號
          可能是 'C:\Program Files (x86)\Windows Kits\8.1\Include\um\winnt.h(9083) : DWORD ACCESS_MASK'
          或       'C:\Users\fay\Desktop\106_碩_陳昱彰\2_論文程式碼\SensorFusionIII\SensorFusionIII\packages\OpenCV_3_x86_v100.3.0\build\native\include\opencv2/core/mat.hpp(63) : ACCESS_MASK'
OfflineMode.cpp(25): warning C4305: '引數' : 從 'double' 轉換為 'float'，是由較大的類型轉換為較小的類型，可能導致資料遺失
OfflineMode.cpp(26): warning C4305: '引數' : 從 'double' 轉換為 'float'，是由較大的類型轉換為較小的類型，可能導致資料遺失
OfflineMode.cpp(168): warning C4244: '正在初始化' : 將 'int' 轉換為 'float'，由於類型不同，可能導致資料遺失
OfflineMode.cpp(184): warning C4244: '=' : 將 'double' 轉換為 'int'，由於類型不同，可能導致資料遺失
  OnlineMode.cpp
C:\Users\fay\Desktop\106_碩_陳昱彰\2_論文程式碼\SensorFusionIII\SensorFusionIII\packages\OpenCV_3_x86_v100.3.0\build\native\include\opencv2/core/mat.hpp(1965): warning C4819: 檔案含有無法在目前字碼頁 (950) 中表示的字元。請以 Unicode 格式儲存檔案以防止資料遺失
C:\Users\fay\Desktop\106_碩_陳昱彰\2_論文程式碼\SensorFusionIII\SensorFusionIII\packages\OpenCV_3_x86_v100.3.0\build\native\include\opencv2/core/persistence.hpp : warning C4819: 檔案含有無法在目前字碼頁 (950) 中表示的字元。請以 Unicode 格式儲存檔案以防止資料遺失
C:\Users\fay\Desktop\106_碩_陳昱彰\2_論文程式碼\SensorFusionIII\SensorFusionIII\packages\OpenCV_3_x86_v100.3.0\build\native\include\opencv2/core/utility.hpp : warning C4819: 檔案含有無法在目前字碼頁 (950) 中表示的字元。請以 Unicode 格式儲存檔案以防止資料遺失
c:\users\fay\desktop\106_碩_陳昱彰\2_論文程式碼\sensorfusioniii\sensorfusioniii\sensorfusioniii\PrimalSVM.h(11): error C2039: 'SVM' : 不是 'cv' 的成員
c:\users\fay\desktop\106_碩_陳昱彰\2_論文程式碼\sensorfusioniii\sensorfusioniii\sensorfusioniii\PrimalSVM.h(11): error C2504: 'SVM' : 基底類別未定義
c:\users\fay\desktop\106_碩_陳昱彰\2_論文程式碼\sensorfusioniii\sensorfusioniii\sensorfusioniii\PrimalSVM.h(15): error C3861: 'get_support_vector_count': 找不到識別項
c:\users\fay\desktop\106_碩_陳昱彰\2_論文程式碼\sensorfusioniii\sensorfusioniii\sensorfusioniii\PrimalSVM.h(16): error C4430: 遺漏類型規範 - 假設為 int。注意: C++ 不支援 default-int
c:\users\fay\desktop\106_碩_陳昱彰\2_論文程式碼\sensorfusioniii\sensorfusioniii\sensorfusioniii\PrimalSVM.h(16): error C2143: 語法錯誤 : 遺漏 ';' (在 '*' 之前)
c:\users\fay\desktop\106_碩_陳昱彰\2_論文程式碼\sensorfusioniii\sensorfusioniii\sensorfusioniii\PrimalSVM.h(16): error C2065: 'df' : 未宣告的識別項
c:\users\fay\desktop\106_碩_陳昱彰\2_論文程式碼\sensorfusioniii\sensorfusioniii\sensorfusioniii\PrimalSVM.h(16): error C2065: 'decision_func' : 未宣告的識別項
c:\users\fay\desktop\106_碩_陳昱彰\2_論文程式碼\sensorfusioniii\sensorfusioniii\sensorfusioniii\PrimalSVM.h(17): error C2065: 'df' : 未宣告的識別項
c:\users\fay\desktop\106_碩_陳昱彰\2_論文程式碼\sensorfusioniii\sensorfusioniii\sensorfusioniii\PrimalSVM.h(17): error C2228: '.alpha' 的左邊必須有類別/結構/等位
c:\users\fay\desktop\106_碩_陳昱彰\2_論文程式碼\sensorfusioniii\sensorfusioniii\sensorfusioniii\PrimalSVM.h(18): error C2065: 'df' : 未宣告的識別項
c:\users\fay\desktop\106_碩_陳昱彰\2_論文程式碼\sensorfusioniii\sensorfusioniii\sensorfusioniii\PrimalSVM.h(18): error C2228: '.rho' 的左邊必須有類別/結構/等位
c:\users\fay\desktop\106_碩_陳昱彰\2_論文程式碼\sensorfusioniii\sensorfusioniii\sensorfusioniii\PrimalSVM.h(19): error C3861: 'get_var_count': 找不到識別項
c:\users\fay\desktop\106_碩_陳昱彰\2_論文程式碼\sensorfusioniii\sensorfusioniii\sensorfusioniii\PrimalSVM.h(23): warning C4244: '正在初始化' : 將 'const double' 轉換為 'float'，由於類型不同，可能導致資料遺失
c:\users\fay\desktop\106_碩_陳昱彰\2_論文程式碼\sensorfusioniii\sensorfusioniii\sensorfusioniii\PrimalSVM.h(24): error C3861: 'get_support_vector': 找不到識別項
c:\users\fay\desktop\106_碩_陳昱彰\2_論文程式碼\sensorfusioniii\sensorfusioniii\sensorfusioniii\PrimalSVM.h(30): warning C4244: '引數' : 將 'double' 轉換為 'const float'，由於類型不同，可能導致資料遺失
OnlineMode.cpp(48): warning C4244: '正在初始化' : 將 'clock_t' 轉換為 'float'，由於類型不同，可能導致資料遺失
OnlineMode.cpp(58): warning C4244: '正在初始化' : 將 'clock_t' 轉換為 'float'，由於類型不同，可能導致資料遺失
OnlineMode.cpp(82): warning C4244: '引數' : 將 'float' 轉換為 'int'，由於類型不同，可能導致資料遺失
  RecordMode.cpp
C:\Users\fay\Desktop\106_碩_陳昱彰\2_論文程式碼\SensorFusionIII\SensorFusionIII\packages\OpenCV_3_x86_v100.3.0\build\native\include\opencv2/core/mat.hpp(1965): warning C4819: 檔案含有無法在目前字碼頁 (950) 中表示的字元。請以 Unicode 格式儲存檔案以防止資料遺失
C:\Users\fay\Desktop\106_碩_陳昱彰\2_論文程式碼\SensorFusionIII\SensorFusionIII\packages\OpenCV_3_x86_v100.3.0\build\native\include\opencv2/core/persistence.hpp : warning C4819: 檔案含有無法在目前字碼頁 (950) 中表示的字元。請以 Unicode 格式儲存檔案以防止資料遺失
C:\Users\fay\Desktop\106_碩_陳昱彰\2_論文程式碼\SensorFusionIII\SensorFusionIII\packages\OpenCV_3_x86_v100.3.0\build\native\include\opencv2/core/utility.hpp : warning C4819: 檔案含有無法在目前字碼頁 (950) 中表示的字元。請以 Unicode 格式儲存檔案以防止資料遺失
RecordMode.cpp(87): warning C4267: '正在初始化' : 將 'size_t' 轉換為 'int'，資料可能遺失
RecordMode.cpp(112): warning C4244: '正在初始化' : 將 'clock_t' 轉換為 'float'，由於類型不同，可能導致資料遺失
RecordMode.cpp(118): warning C4244: '正在初始化' : 將 'clock_t' 轉換為 'float'，由於類型不同，可能導致資料遺失
RecordMode.cpp(129): warning C4244: '引數' : 將 'float' 轉換為 'int'，由於類型不同，可能導致資料遺失
  SvmClassifier.cpp
C:\Users\fay\Desktop\106_碩_陳昱彰\2_論文程式碼\SensorFusionIII\SensorFusionIII\packages\OpenCV_3_x86_v100.3.0\build\native\include\opencv2/core/mat.hpp(1965): warning C4819: 檔案含有無法在目前字碼頁 (950) 中表示的字元。請以 Unicode 格式儲存檔案以防止資料遺失
C:\Users\fay\Desktop\106_碩_陳昱彰\2_論文程式碼\SensorFusionIII\SensorFusionIII\packages\OpenCV_3_x86_v100.3.0\build\native\include\opencv2/core/persistence.hpp : warning C4819: 檔案含有無法在目前字碼頁 (950) 中表示的字元。請以 Unicode 格式儲存檔案以防止資料遺失
C:\Users\fay\Desktop\106_碩_陳昱彰\2_論文程式碼\SensorFusionIII\SensorFusionIII\packages\OpenCV_3_x86_v100.3.0\build\native\include\opencv2/core/utility.hpp : warning C4819: 檔案含有無法在目前字碼頁 (950) 中表示的字元。請以 Unicode 格式儲存檔案以防止資料遺失
c:\users\fay\desktop\106_碩_陳昱彰\2_論文程式碼\sensorfusioniii\sensorfusioniii\sensorfusioniii\PrimalSVM.h(11): error C2039: 'SVM' : 不是 'cv' 的成員
c:\users\fay\desktop\106_碩_陳昱彰\2_論文程式碼\sensorfusioniii\sensorfusioniii\sensorfusioniii\PrimalSVM.h(11): error C2504: 'SVM' : 基底類別未定義
c:\users\fay\desktop\106_碩_陳昱彰\2_論文程式碼\sensorfusioniii\sensorfusioniii\sensorfusioniii\PrimalSVM.h(15): error C3861: 'get_support_vector_count': 找不到識別項
c:\users\fay\desktop\106_碩_陳昱彰\2_論文程式碼\sensorfusioniii\sensorfusioniii\sensorfusioniii\PrimalSVM.h(16): error C4430: 遺漏類型規範 - 假設為 int。注意: C++ 不支援 default-int
c:\users\fay\desktop\106_碩_陳昱彰\2_論文程式碼\sensorfusioniii\sensorfusioniii\sensorfusioniii\PrimalSVM.h(16): error C2143: 語法錯誤 : 遺漏 ';' (在 '*' 之前)
c:\users\fay\desktop\106_碩_陳昱彰\2_論文程式碼\sensorfusioniii\sensorfusioniii\sensorfusioniii\PrimalSVM.h(16): error C2065: 'df' : 未宣告的識別項
c:\users\fay\desktop\106_碩_陳昱彰\2_論文程式碼\sensorfusioniii\sensorfusioniii\sensorfusioniii\PrimalSVM.h(16): error C2065: 'decision_func' : 未宣告的識別項
c:\users\fay\desktop\106_碩_陳昱彰\2_論文程式碼\sensorfusioniii\sensorfusioniii\sensorfusioniii\PrimalSVM.h(17): error C2065: 'df' : 未宣告的識別項
c:\users\fay\desktop\106_碩_陳昱彰\2_論文程式碼\sensorfusioniii\sensorfusioniii\sensorfusioniii\PrimalSVM.h(17): error C2228: '.alpha' 的左邊必須有類別/結構/等位
c:\users\fay\desktop\106_碩_陳昱彰\2_論文程式碼\sensorfusioniii\sensorfusioniii\sensorfusioniii\PrimalSVM.h(18): error C2065: 'df' : 未宣告的識別項
c:\users\fay\desktop\106_碩_陳昱彰\2_論文程式碼\sensorfusioniii\sensorfusioniii\sensorfusioniii\PrimalSVM.h(18): error C2228: '.rho' 的左邊必須有類別/結構/等位
c:\users\fay\desktop\106_碩_陳昱彰\2_論文程式碼\sensorfusioniii\sensorfusioniii\sensorfusioniii\PrimalSVM.h(19): error C3861: 'get_var_count': 找不到識別項
c:\users\fay\desktop\106_碩_陳昱彰\2_論文程式碼\sensorfusioniii\sensorfusioniii\sensorfusioniii\PrimalSVM.h(23): warning C4244: '正在初始化' : 將 'const double' 轉換為 'float'，由於類型不同，可能導致資料遺失
c:\users\fay\desktop\106_碩_陳昱彰\2_論文程式碼\sensorfusioniii\sensorfusioniii\sensorfusioniii\PrimalSVM.h(24): error C3861: 'get_support_vector': 找不到識別項
c:\users\fay\desktop\106_碩_陳昱彰\2_論文程式碼\sensorfusioniii\sensorfusioniii\sensorfusioniii\PrimalSVM.h(30): warning C4244: '引數' : 將 'double' 轉換為 'const float'，由於類型不同，可能導致資料遺失
SvmClassifier.cpp(14): error C2039: 'load' : 不是 'PrimalSVM' 的成員
          c:\users\fay\desktop\106_碩_陳昱彰\2_論文程式碼\sensorfusioniii\sensorfusioniii\sensorfusioniii\PrimalSVM.h(10) : 請參閱 'PrimalSVM' 的宣告
  VideoReader.cpp
C:\Users\fay\Desktop\106_碩_陳昱彰\2_論文程式碼\SensorFusionIII\SensorFusionIII\packages\OpenCV_3_x86_v100.3.0\build\native\include\opencv2/core/mat.hpp(1965): warning C4819: 檔案含有無法在目前字碼頁 (950) 中表示的字元。請以 Unicode 格式儲存檔案以防止資料遺失
C:\Users\fay\Desktop\106_碩_陳昱彰\2_論文程式碼\SensorFusionIII\SensorFusionIII\packages\OpenCV_3_x86_v100.3.0\build\native\include\opencv2/core/persistence.hpp : warning C4819: 檔案含有無法在目前字碼頁 (950) 中表示的字元。請以 Unicode 格式儲存檔案以防止資料遺失
C:\Users\fay\Desktop\106_碩_陳昱彰\2_論文程式碼\SensorFusionIII\SensorFusionIII\packages\OpenCV_3_x86_v100.3.0\build\native\include\opencv2/core/utility.hpp : warning C4819: 檔案含有無法在目前字碼頁 (950) 中表示的字元。請以 Unicode 格式儲存檔案以防止資料遺失
VideoReader.cpp(37): warning C4244: '=' : 將 'double' 轉換為 'int'，由於類型不同，可能導致資料遺失
VideoReader.cpp(38): warning C4244: '=' : 將 'double' 轉換為 'int'，由於類型不同，可能導致資料遺失
VideoReader.cpp(53): warning C4244: '引數' : 將 'double' 轉換為 'int'，由於類型不同，可能導致資料遺失
