已經開始建置於 2017/9/27 下午 09:40:09。
     1>節點 2 (Build 目標) 上的專案 "C:\Users\fay\Documents\MotorDetected\SensorFusionIII\SensorFusionIII.vcxproj"。
     1>ClCompile:
         C:\Program Files (x86)\Microsoft Visual Studio 12.0\VC\bin\CL.exe /c /IC:\Users\fay\Documents\MotorDetected\\SensorFusionIII\LidarLibrary\Include /Zi /nologo /W3 /WX- /O2 /Oi /Oy- /GL /D WIN32 /D NDEBUG /D _CONSOLE /D _LIB /D _UNICODE /D UNICODE /Gm- /EHsc /MD /GS /Gy /fp:precise /Zc:wchar_t /Zc:forScope /Fo"Release\\" /Fd"Release\vc120.pdb" /Gd /TP /analyze- /errorReport:prompt Classifier.cpp ClassifierTestingMode.cpp Connection_information.cpp DataReader.cpp fhog.cpp FusionManager.cpp kcftracker.cpp main.cpp Mode.cpp ObjManager.cpp OfflineMode.cpp OnlineMode.cpp RecordMode.cpp SvmClassifier.cpp VideoReader.cpp
         Classifier.cpp
     1>c:\users\fay\documents\motordetected\sensorfusioniii\Classifier.h(4): fatal error C1083: 無法開啟包含檔案: 'opencv2\opencv.hpp': No such file or directory
         ClassifierTestingMode.cpp
     1>c:\users\fay\documents\motordetected\sensorfusioniii\Classifier.h(4): fatal error C1083: 無法開啟包含檔案: 'opencv2\opencv.hpp': No such file or directory
         Connection_information.cpp
         DataReader.cpp
     1>c:\users\fay\documents\motordetected\sensorfusioniii\VideoReader.h(7): fatal error C1083: 無法開啟包含檔案: 'opencv2\opencv.hpp': No such file or directory
         fhog.cpp
     1>c:\users\fay\documents\motordetected\sensorfusioniii\fhog.hpp(59): fatal error C1083: 無法開啟包含檔案: 'opencv2/imgproc/imgproc_c.h': No such file or directory
         FusionManager.cpp
     1>c:\users\fay\documents\motordetected\sensorfusioniii\FusionManager.h(4): fatal error C1083: 無法開啟包含檔案: 'opencv2\opencv.hpp': No such file or directory
         kcftracker.cpp
     1>c:\users\fay\documents\motordetected\sensorfusioniii\tracker.h(21): fatal error C1083: 無法開啟包含檔案: 'opencv2/opencv.hpp': No such file or directory
         main.cpp
     1>c:\users\fay\documents\motordetected\sensorfusioniii\Classifier.h(4): fatal error C1083: 無法開啟包含檔案: 'opencv2\opencv.hpp': No such file or directory
         Mode.cpp
     1>c:\users\fay\documents\motordetected\sensorfusioniii\Classifier.h(4): fatal error C1083: 無法開啟包含檔案: 'opencv2\opencv.hpp': No such file or directory
         ObjManager.cpp
     1>c:\users\fay\documents\motordetected\sensorfusioniii\tracker.h(21): fatal error C1083: 無法開啟包含檔案: 'opencv2/opencv.hpp': No such file or directory
         OfflineMode.cpp
     1>c:\users\fay\documents\motordetected\sensorfusioniii\VideoReader.h(7): fatal error C1083: 無法開啟包含檔案: 'opencv2\opencv.hpp': No such file or directory
         OnlineMode.cpp
     1>c:\users\fay\documents\motordetected\sensorfusioniii\Classifier.h(4): fatal error C1083: 無法開啟包含檔案: 'opencv2\opencv.hpp': No such file or directory
         RecordMode.cpp
     1>c:\users\fay\documents\motordetected\sensorfusioniii\Classifier.h(4): fatal error C1083: 無法開啟包含檔案: 'opencv2\opencv.hpp': No such file or directory
         SvmClassifier.cpp
     1>c:\users\fay\documents\motordetected\sensorfusioniii\Classifier.h(4): fatal error C1083: 無法開啟包含檔案: 'opencv2\opencv.hpp': No such file or directory
         VideoReader.cpp
     1>c:\users\fay\documents\motordetected\sensorfusioniii\VideoReader.h(7): fatal error C1083: 無法開啟包含檔案: 'opencv2\opencv.hpp': No such file or directory
     1>專案 "C:\Users\fay\Documents\MotorDetected\SensorFusionIII\SensorFusionIII.vcxproj" (Build 目標) 建置完成 -- 失敗。

建置失敗。

經過時間 00:00:01.09
